{"/Users/A_nonymous/Desktop/Coding/FAC/week-2-Testing/vending-machine/test.js":{"path":"/Users/A_nonymous/Desktop/Coding/FAC/week-2-Testing/vending-machine/test.js","s":{"1":1,"2":1,"3":1,"4":1,"5":1,"6":1,"7":1,"8":1,"9":1,"10":1,"11":1,"12":1,"13":1,"14":1,"15":1,"16":1,"17":1,"18":1,"19":1,"20":1,"21":1,"22":1,"23":1},"b":{"1":[1,0],"2":[1,1],"3":[1,0],"4":[1,1]},"f":{"1":1,"2":1,"3":1,"4":1},"fnMap":{"1":{"name":"(anonymous_1)","line":15,"loc":{"start":{"line":15,"column":56},"end":{"line":15,"column":73}}},"2":{"name":"(anonymous_2)","line":24,"loc":{"start":{"line":24,"column":58},"end":{"line":24,"column":75}}},"3":{"name":"(anonymous_3)","line":30,"loc":{"start":{"line":30,"column":54},"end":{"line":30,"column":71}}},"4":{"name":"(anonymous_4)","line":36,"loc":{"start":{"line":36,"column":86},"end":{"line":36,"column":103}}}},"statementMap":{"1":{"start":{"line":4,"column":0},"end":{"line":10,"column":1}},"2":{"start":{"line":5,"column":2},"end":{"line":5,"column":33},"skip":true},"3":{"start":{"line":7,"column":2},"end":{"line":7,"column":24},"skip":true},"4":{"start":{"line":8,"column":2},"end":{"line":8,"column":43},"skip":true},"5":{"start":{"line":9,"column":2},"end":{"line":9,"column":40},"skip":true},"6":{"start":{"line":15,"column":0},"end":{"line":19,"column":3}},"7":{"start":{"line":16,"column":2},"end":{"line":16,"column":31}},"8":{"start":{"line":17,"column":2},"end":{"line":17,"column":20}},"9":{"start":{"line":18,"column":2},"end":{"line":18,"column":37}},"10":{"start":{"line":24,"column":0},"end":{"line":28,"column":2}},"11":{"start":{"line":25,"column":2},"end":{"line":25,"column":35}},"12":{"start":{"line":26,"column":2},"end":{"line":26,"column":33}},"13":{"start":{"line":27,"column":2},"end":{"line":27,"column":49}},"14":{"start":{"line":30,"column":0},"end":{"line":34,"column":2}},"15":{"start":{"line":31,"column":1},"end":{"line":31,"column":33}},"16":{"start":{"line":32,"column":1},"end":{"line":32,"column":29}},"17":{"start":{"line":33,"column":1},"end":{"line":33,"column":36}},"18":{"start":{"line":36,"column":0},"end":{"line":40,"column":3}},"19":{"start":{"line":37,"column":2},"end":{"line":37,"column":34}},"20":{"start":{"line":38,"column":2},"end":{"line":38,"column":49}},"21":{"start":{"line":39,"column":2},"end":{"line":39,"column":37}},"22":{"start":{"line":43,"column":0},"end":{"line":43,"column":65}},"23":{"start":{"line":43,"column":52},"end":{"line":43,"column":64}}},"branchMap":{"1":{"line":4,"type":"if","locations":[{"start":{"line":4,"column":0},"end":{"line":4,"column":0},"skip":true},{"start":{"line":4,"column":0},"end":{"line":4,"column":0}}]},"2":{"line":4,"type":"binary-expr","locations":[{"start":{"line":4,"column":4},"end":{"line":4,"column":33}},{"start":{"line":4,"column":37},"end":{"line":4,"column":51}}]},"3":{"line":43,"type":"if","locations":[{"start":{"line":43,"column":0},"end":{"line":43,"column":0}},{"start":{"line":43,"column":0},"end":{"line":43,"column":0}}]},"4":{"line":43,"type":"binary-expr","locations":[{"start":{"line":43,"column":4},"end":{"line":43,"column":31}},{"start":{"line":43,"column":35},"end":{"line":43,"column":49}}]}}},"/Users/A_nonymous/Desktop/Coding/FAC/week-2-Testing/vending-machine/index.js":{"path":"/Users/A_nonymous/Desktop/Coding/FAC/week-2-Testing/vending-machine/index.js","s":{"1":1,"2":4,"3":4,"4":4,"5":4,"6":32,"7":16,"8":16,"9":4,"10":4,"11":1,"12":1},"b":{"1":[1,0],"2":[1,1]},"f":{"1":4,"2":32},"fnMap":{"1":{"name":"getChange","line":1,"loc":{"start":{"line":1,"column":0},"end":{"line":1,"column":34}}},"2":{"name":"(anonymous_2)","line":6,"loc":{"start":{"line":6,"column":15},"end":{"line":6,"column":30}}}},"statementMap":{"1":{"start":{"line":1,"column":0},"end":{"line":14,"column":1}},"2":{"start":{"line":2,"column":1},"end":{"line":2,"column":38}},"3":{"start":{"line":3,"column":1},"end":{"line":3,"column":38}},"4":{"start":{"line":5,"column":1},"end":{"line":5,"column":16}},"5":{"start":{"line":6,"column":1},"end":{"line":11,"column":3}},"6":{"start":{"line":7,"column":2},"end":{"line":10,"column":3}},"7":{"start":{"line":8,"column":3},"end":{"line":8,"column":21}},"8":{"start":{"line":9,"column":3},"end":{"line":9,"column":26}},"9":{"start":{"line":12,"column":1},"end":{"line":12,"column":21}},"10":{"start":{"line":13,"column":1},"end":{"line":13,"column":15}},"11":{"start":{"line":16,"column":0},"end":{"line":18,"column":1}},"12":{"start":{"line":17,"column":1},"end":{"line":17,"column":29}}},"branchMap":{"1":{"line":16,"type":"if","locations":[{"start":{"line":16,"column":0},"end":{"line":16,"column":0}},{"start":{"line":16,"column":0},"end":{"line":16,"column":0}}]},"2":{"line":16,"type":"binary-expr","locations":[{"start":{"line":16,"column":4},"end":{"line":16,"column":31}},{"start":{"line":16,"column":35},"end":{"line":16,"column":49}}]}}}}