TN:
SF:/Users/A_nonymous/Desktop/Coding/FAC/week-2-Testing/vending-machine/test.js
FN:15,(anonymous_1)
FN:24,(anonymous_2)
FN:30,(anonymous_3)
FN:36,(anonymous_4)
FNF:4
FNH:4
FNDA:1,(anonymous_1)
FNDA:1,(anonymous_2)
FNDA:1,(anonymous_3)
FNDA:1,(anonymous_4)
DA:4,1
DA:5,1
DA:7,1
DA:8,1
DA:9,1
DA:15,1
DA:16,1
DA:17,1
DA:18,1
DA:24,1
DA:25,1
DA:26,1
DA:27,1
DA:30,1
DA:31,1
DA:32,1
DA:33,1
DA:36,1
DA:37,1
DA:38,1
DA:39,1
DA:43,1
LF:22
LH:22
BRDA:4,1,0,1
BRDA:4,1,1,0
BRDA:4,2,0,1
BRDA:4,2,1,1
BRDA:43,3,0,1
BRDA:43,3,1,0
BRDA:43,4,0,1
BRDA:43,4,1,1
BRF:8
BRH:6
end_of_record
TN:
SF:/Users/A_nonymous/Desktop/Coding/FAC/week-2-Testing/vending-machine/index.js
FN:1,getChange
FN:6,(anonymous_2)
FNF:2
FNH:2
FNDA:4,getChange
FNDA:32,(anonymous_2)
DA:1,1
DA:2,4
DA:3,4
DA:5,4
DA:6,4
DA:7,32
DA:8,16
DA:9,16
DA:12,4
DA:13,4
DA:16,1
DA:17,1
LF:12
LH:12
BRDA:16,1,0,1
BRDA:16,1,1,0
BRDA:16,2,0,1
BRDA:16,2,1,1
BRF:4
BRH:3
end_of_record
